[debug] [2023-01-14T05:47:25.213Z] ----------------------------------------------------------------------
[debug] [2023-01-14T05:47:25.215Z] Command:       /usr/local/bin/firebase /Users/jimdube/.cache/firebase/tools/lib/node_modules/firebase-tools/lib/bin/firebase init hosting
[debug] [2023-01-14T05:47:25.216Z] CLI Version:   11.4.0
[debug] [2023-01-14T05:47:25.216Z] Platform:      darwin
[debug] [2023-01-14T05:47:25.216Z] Node Version:  v16.16.0
[debug] [2023-01-14T05:47:25.222Z] Time:          Fri Jan 13 2023 20:47:25 GMT-0900 (Alaska Standard Time)
[debug] [2023-01-14T05:47:25.223Z] ----------------------------------------------------------------------
[debug] 
[debug] [2023-01-14T05:47:25.321Z] > command requires scopes: ["email","openid","https://www.googleapis.com/auth/cloudplatformprojects.readonly","https://www.googleapis.com/auth/firebase","https://www.googleapis.com/auth/cloud-platform"]
[debug] [2023-01-14T05:47:25.323Z] > authorizing via signed-in user (jimdube74@gmail.com)
[info] 
     ######## #### ########  ######## ########     ###     ######  ########
     ##        ##  ##     ## ##       ##     ##  ##   ##  ##       ##
     ######    ##  ########  ######   ########  #########  ######  ######
     ##        ##  ##    ##  ##       ##     ## ##     ##       ## ##
     ##       #### ##     ## ######## ########  ##     ##  ######  ########

You're about to initialize a Firebase project in this directory:

  /Users/jimdube

Before we get started, keep in mind:

  * You are initializing within an existing Firebase project directory

[info] 
=== Project Setup
[info] 
[info] First, let's associate this project directory with a Firebase project.
[info] You can create multiple project aliases by running firebase use --add, 
[info] but for now we'll just set up a default project.
[info] 
[debug] [2023-01-14T05:47:25.330Z] Using project from CLI flag: lake-iliamna-language-la-bed51
[debug] [2023-01-14T05:47:25.334Z] >>> [apiv2][query] GET https://firebase.googleapis.com/v1beta1/projects/lake-iliamna-language-la-bed51 [none]
[debug] [2023-01-14T05:47:25.998Z] <<< [apiv2][status] GET https://firebase.googleapis.com/v1beta1/projects/lake-iliamna-language-la-bed51 200
[debug] [2023-01-14T05:47:26.003Z] <<< [apiv2][body] GET https://firebase.googleapis.com/v1beta1/projects/lake-iliamna-language-la-bed51 {"projectId":"lake-iliamna-language-la-bed51","projectNumber":"1055264929889","displayName":"Lake Iliamna Language Labs","name":"projects/lake-iliamna-language-la-bed51","resources":{"hostingSite":"lake-iliamna-language-la-bed51","storageBucket":"lake-iliamna-language-la-bed51.appspot.com","locationId":"us-central"},"state":"ACTIVE","etag":"1_5fe7ab0a-0fee-48e7-8497-4c12dbe9755f"}
[info] i  Using project lake-iliamna-language-la-bed51 (Lake Iliamna Language Labs) 
[info] 
=== Hosting Setup
[info] 
[info] Your public directory is the folder (relative to your project directory) that
[info] will contain Hosting assets to be uploaded with firebase deploy. If you
[info] have a build process for your assets, use your build's output directory.
[info] 
